2019-12-06 09:13:24,387 Organic Pilsner recommended as the most viable beer to produce
2019-12-06 09:13:26,826 New prediction calculated for 2 months
2019-12-06 09:13:30,522 New batch with gyle number 132 created
2019-12-06 09:13:39,995 Batch 132 successfully moved to the fermentation phase.
2019-12-06 09:13:42,357 Batch 132 deleted
2019-12-06 09:15:31,501 ERROR User entered wrong gyle number to delete
2019-12-06 09:17:15,343 Organic Pilsner recommended as the most viable beer to produce
2019-12-06 09:17:21,317 New prediction calculated for 12 months
2019-12-06 09:17:24,399 New prediction calculated for -1 months
2019-12-06 09:18:31,015 Organic Pilsner recommended as the most viable beer to produce
2019-12-06 09:18:34,979 ERROR User attempted to enter a for the months
2019-12-06 09:39:24,702 Organic Pilsner recommended as the most viable beer to produce
2019-12-06 09:44:47,036 Organic Pilsner recommended as the most viable beer to produce
2019-12-06 09:52:05,969 Organic Pilsner recommended as the most viable beer to produce
2019-12-06 09:52:13,638 Organic Pilsner recommended as the most viable beer to produce
2019-12-06 09:52:59,706 Batch 131 deleted
2019-12-06 09:53:01,338 ERROR User entered wrong gyle number
2019-12-06 09:53:04,890 ERROR User entered wrong gyle number
2019-12-06 09:57:04,816 Organic Pilsner recommended as the most viable beer to produce
2019-12-06 09:59:23,739 Organic Pilsner recommended as the most viable beer to produce
2019-12-06 09:59:43,616 New batch with gyle number 131 created
2019-12-06 09:59:52,105 Batch 131 successfully moved to the fermentation phase.
2019-12-06 10:02:50,158 Organic Pilsner recommended as the most viable beer to produce
2019-12-06 10:02:54,966 New batch with gyle number 132 created
2019-12-06 10:02:57,895 ERROR User entered wrong gyle number
2019-12-06 10:03:26,449 Organic Pilsner recommended as the most viable beer to produce
2019-12-06 10:03:34,802 New batch with gyle number 133 created
2019-12-06 10:03:41,004 Batch 131 successfully moved to the conditioning phase.
2019-12-06 10:03:43,493 Batch 131 deleted
2019-12-06 10:03:46,638 New prediction calculated for 1 MONTHS
2019-12-06 10:03:48,538 New prediction calculated for 1 MONTHS
2019-12-06 10:03:49,885 New prediction calculated for 2 MONTHS
2019-12-06 10:05:03,310 Organic Pilsner recommended as the most viable beer to produce
2019-12-06 10:05:06,480 New prediction calculated for 13 months
2019-12-06 10:05:10,327 New batch with gyle number 134 created
2019-12-06 10:09:22,406 Organic Pilsner recommended as the most viable beer to produce
2019-12-06 10:09:26,548 New prediction calculated for 2 months
2019-12-06 10:09:29,423 New batch with gyle number 135 created
2019-12-06 10:09:38,173 Batch 132 successfully moved to the fermentation phase.
2019-12-06 10:25:28,428 Organic Pilsner recommended as the most viable beer to produce
2019-12-06 10:29:52,377 Organic Pilsner recommended as the most viable beer to produce
2020-06-01 15:11:05,608 Organic Pilsner recommended as the most viable beer to produce
2020-06-01 15:16:53,756 Organic Pilsner recommended as the most viable beer to produce
2020-06-01 15:16:58,114 Organic Pilsner recommended as the most viable beer to produce
2020-06-01 15:17:03,993 Organic Pilsner recommended as the most viable beer to produce
2020-06-01 15:17:33,935 Organic Pilsner recommended as the most viable beer to produce
2020-06-01 15:17:36,818 Organic Pilsner recommended as the most viable beer to produce
2020-06-01 15:17:46,145 Organic Pilsner recommended as the most viable beer to produce
2020-06-01 15:17:48,823 New prediction calculated for 4 months
2020-06-01 15:18:15,413 Organic Pilsner recommended as the most viable beer to produce
2020-06-01 15:19:41,819 Organic Pilsner recommended as the most viable beer to produce
